<testsuites id="" name="" tests="1" failures="0" skipped="0" errors="0" time="46.41501499999998">
<testsuite name="Login.spec.js" timestamp="2025-09-03T11:14:58.051Z" hostname="chromium" tests="1" failures="0" skipped="0" time="40.902" errors="0">
<testcase name="login Page › TC_02 : Validate logging into the website using valid credentials" classname="Login.spec.js" time="40.902">
<system-out>
<![CDATA[
[[ATTACHMENT|test-results\Login-login-Page-TC-02-Val-7a84f-ite-using-valid-credentials-chromium\trace.zip]]
]]>
</system-out>
</testcase>
</testsuite>
</testsuites>